18:36:47:830[TestNG-tests-2] DEBUG org.apache.poi.openxml4j.opc.PackageRelationshipCollection - Parsing relationship: /xl/_rels/workbook.xml.rels
18:36:47:834[TestNG-tests-2] DEBUG org.apache.poi.openxml4j.opc.PackageRelationshipCollection - Parsing relationship: /xl/worksheets/_rels/sheet1.xml.rels
18:36:47:834[TestNG-tests-2] DEBUG org.apache.poi.openxml4j.opc.PackageRelationshipCollection - Parsing relationship: /_rels/.rels
18:36:47:853[TestNG-tests-2] DEBUG org.apache.poi.openxml4j.opc.PackageRelationshipCollection - Parsing relationship: /xl/_rels/workbook.xml.rels
18:36:47:853[TestNG-tests-2] DEBUG org.apache.poi.openxml4j.opc.PackageRelationshipCollection - Parsing relationship: /xl/worksheets/_rels/sheet1.xml.rels
18:36:47:853[TestNG-tests-2] DEBUG org.apache.poi.openxml4j.opc.PackageRelationshipCollection - Parsing relationship: /_rels/.rels
18:36:47:874[TestNG-tests-2] DEBUG org.apache.poi.openxml4j.opc.PackageRelationshipCollection - Parsing relationship: /xl/_rels/workbook.xml.rels
18:36:47:874[TestNG-tests-2] DEBUG org.apache.poi.openxml4j.opc.PackageRelationshipCollection - Parsing relationship: /xl/worksheets/_rels/sheet1.xml.rels
18:36:47:874[TestNG-tests-2] DEBUG org.apache.poi.openxml4j.opc.PackageRelationshipCollection - Parsing relationship: /_rels/.rels
18:36:47:897[TestNG-tests-2] DEBUG org.apache.poi.openxml4j.opc.PackageRelationshipCollection - Parsing relationship: /xl/_rels/workbook.xml.rels
18:36:47:897[TestNG-tests-2] DEBUG org.apache.poi.openxml4j.opc.PackageRelationshipCollection - Parsing relationship: /xl/worksheets/_rels/sheet1.xml.rels
18:36:47:897[TestNG-tests-2] DEBUG org.apache.poi.openxml4j.opc.PackageRelationshipCollection - Parsing relationship: /_rels/.rels
18:36:47:916[TestNG-tests-2] DEBUG org.apache.poi.openxml4j.opc.PackageRelationshipCollection - Parsing relationship: /xl/_rels/workbook.xml.rels
18:36:47:916[TestNG-tests-2] DEBUG org.apache.poi.openxml4j.opc.PackageRelationshipCollection - Parsing relationship: /xl/worksheets/_rels/sheet1.xml.rels
18:36:47:920[TestNG-tests-2] DEBUG org.apache.poi.openxml4j.opc.PackageRelationshipCollection - Parsing relationship: /_rels/.rels
18:36:47:939[TestNG-tests-2] DEBUG org.apache.poi.openxml4j.opc.PackageRelationshipCollection - Parsing relationship: /xl/_rels/workbook.xml.rels
18:36:47:941[TestNG-tests-2] DEBUG org.apache.poi.openxml4j.opc.PackageRelationshipCollection - Parsing relationship: /xl/worksheets/_rels/sheet1.xml.rels
18:36:47:941[TestNG-tests-2] DEBUG org.apache.poi.openxml4j.opc.PackageRelationshipCollection - Parsing relationship: /_rels/.rels
18:36:47:962[TestNG-tests-2] DEBUG org.apache.poi.openxml4j.opc.PackageRelationshipCollection - Parsing relationship: /xl/_rels/workbook.xml.rels
18:36:47:962[TestNG-tests-2] DEBUG org.apache.poi.openxml4j.opc.PackageRelationshipCollection - Parsing relationship: /xl/worksheets/_rels/sheet1.xml.rels
18:36:47:962[TestNG-tests-2] DEBUG org.apache.poi.openxml4j.opc.PackageRelationshipCollection - Parsing relationship: /_rels/.rels
18:36:47:984[TestNG-tests-2] DEBUG org.apache.poi.openxml4j.opc.PackageRelationshipCollection - Parsing relationship: /xl/_rels/workbook.xml.rels
18:36:47:999[TestNG-tests-2] DEBUG org.apache.poi.openxml4j.opc.PackageRelationshipCollection - Parsing relationship: /xl/worksheets/_rels/sheet1.xml.rels
18:36:47:999[TestNG-tests-2] DEBUG org.apache.poi.openxml4j.opc.PackageRelationshipCollection - Parsing relationship: /_rels/.rels
18:36:48:017[TestNG-tests-2] DEBUG org.apache.poi.openxml4j.opc.PackageRelationshipCollection - Parsing relationship: /xl/_rels/workbook.xml.rels
18:36:48:019[TestNG-tests-2] DEBUG org.apache.poi.openxml4j.opc.PackageRelationshipCollection - Parsing relationship: /xl/worksheets/_rels/sheet1.xml.rels
18:36:48:019[TestNG-tests-2] DEBUG org.apache.poi.openxml4j.opc.PackageRelationshipCollection - Parsing relationship: /_rels/.rels
18:36:48:037[TestNG-tests-2] INFO  testCases.TC003_LoginDDT - *****Starting TC003_LoginDDT*****
18:36:49:603[TestNG-tests-2] INFO  testCases.TC003_LoginDDT - *****Ending TC003_LoginDDT*****
18:36:49:617[TestNG-tests-2] INFO  testCases.TC003_LoginDDT - *****Starting TC003_LoginDDT*****
18:37:00:632[TestNG-tests-2] INFO  testCases.TC003_LoginDDT - *****Ending TC003_LoginDDT*****
18:37:00:634[TestNG-tests-2] INFO  testCases.TC003_LoginDDT - *****Starting TC003_LoginDDT*****
18:37:11:555[TestNG-tests-2] INFO  testCases.TC003_LoginDDT - *****Ending TC003_LoginDDT*****
18:37:11:558[TestNG-tests-2] INFO  testCases.TC003_LoginDDT - *****Starting TC003_LoginDDT*****
18:37:22:517[TestNG-tests-2] INFO  testCases.TC003_LoginDDT - *****Ending TC003_LoginDDT*****
18:37:22:519[TestNG-tests-2] INFO  testCases.TC003_LoginDDT - *****Starting TC003_LoginDDT*****
18:37:23:894[TestNG-tests-2] INFO  testCases.TC003_LoginDDT - *****Ending TC003_LoginDDT*****
18:37:23:898[TestNG-tests-2] INFO  testCases.TC003_LoginDDT - *****Starting TC003_LoginDDT*****
18:37:34:392[TestNG-tests-2] INFO  testCases.TC003_LoginDDT - *****Ending TC003_LoginDDT*****
